2014-07-18 11:48:26,172 {
  "httpRequest" : {
    "method" : "GET",
    "path" : "/"
  },
  "httpForward" : {
    "host" : "www.google.ie",
    "port" : 80,
    "scheme" : "HTTP"
  },
  "times" : {
    "remainingTimes" : 1,
    "unlimited" : false
  }
}
2014-07-18 11:49:11,510 {
  "httpRequest" : {
    "method" : "GET",
    "path" : "/"
  },
  "httpForward" : {
    "host" : "www.google.ie",
    "port" : 80,
    "scheme" : "HTTP"
  },
  "times" : {
    "remainingTimes" : 1,
    "unlimited" : false
  }
}
2014-07-18 11:49:50,678 {
  "httpRequest" : {
    "method" : "GET",
    "path" : "/"
  },
  "httpForward" : {
    "host" : "www.google.ie",
    "port" : 80,
    "scheme" : "HTTP"
  },
  "times" : {
    "remainingTimes" : 1,
    "unlimited" : false
  }
}
2014-07-18 11:50:22,135 {
  "httpRequest" : {
    "method" : "GET",
    "path" : "/"
  },
  "httpForward" : {
    "host" : "http://www.mock-server.com/",
    "port" : 80,
    "scheme" : "HTTP"
  },
  "times" : {
    "remainingTimes" : 1,
    "unlimited" : false
  }
}
2014-07-18 11:50:58,793 {
  "httpRequest" : {
    "method" : "GET",
    "path" : "/"
  },
  "httpForward" : {
    "host" : "http://www.mock-server.com",
    "port" : 80,
    "scheme" : "HTTP"
  },
  "times" : {
    "remainingTimes" : 1,
    "unlimited" : false
  }
}
2014-07-18 11:51:41,340 {
  "httpRequest" : {
    "method" : "GET",
    "path" : "/"
  },
  "httpForward" : {
    "host" : "www.mock-server.com",
    "port" : 80,
    "scheme" : "HTTP"
  },
  "times" : {
    "remainingTimes" : 1,
    "unlimited" : false
  }
}
2014-07-18 11:52:18,817 {
  "httpRequest" : {
    "method" : "POST",
    "path" : "/a"
  },
  "httpForward" : {
    "host" : "www.mock-server.com",
    "port" : 80,
    "scheme" : "HTTP"
  },
  "times" : {
    "remainingTimes" : 1,
    "unlimited" : false
  }
}
2014-07-18 11:52:40,106 {
  "httpRequest" : {
    "method" : "POST",
    "path" : "/a"
  },
  "httpForward" : {
    "host" : "www.mock-server.com",
    "port" : 80,
    "scheme" : "HTTP"
  },
  "times" : {
    "remainingTimes" : 1,
    "unlimited" : false
  }
}
2014-07-18 11:53:08,540 {
  "httpRequest" : {
    "method" : "POST",
    "path" : "/a"
  },
  "httpForward" : {
    "host" : "www.mock-server.com",
    "port" : 80,
    "scheme" : "HTTP"
  },
  "times" : {
    "remainingTimes" : 1,
    "unlimited" : false
  }
}
2014-07-18 11:54:01,852 {
  "httpRequest" : {
    "method" : "GET",
    "path" : "/asss"
  },
  "httpForward" : {
    "host" : "www.mock-server.com",
    "port" : 80,
    "scheme" : "HTTP"
  },
  "times" : {
    "remainingTimes" : 1,
    "unlimited" : false
  }
}
2014-07-18 11:54:32,614 {
  "httpRequest" : {
    "method" : "GET",
    "path" : "/login"
  },
  "httpForward" : {
    "host" : "www.mock-server.com",
    "port" : 80,
    "scheme" : "HTTP"
  },
  "times" : {
    "remainingTimes" : 1,
    "unlimited" : false
  }
}
2014-07-18 12:03:41,652 {
  "httpRequest" : {
    "method" : "GET",
    "path" : "/index.html"
  },
  "httpForward" : {
    "host" : "www.mock-server.com",
    "port" : 80,
    "scheme" : "HTTP"
  },
  "times" : {
    "remainingTimes" : 1,
    "unlimited" : false
  }
}
2014-07-18 12:03:41,666 {
  "httpRequest" : {
    "method" : "GET",
    "path" : "/get"
  },
  "httpResponse" : {
    "statusCode" : 401,
    "body" : "{ message: 'incorrect username and password combination' }",
    "headers" : [ {
      "name" : "Content-Type",
      "values" : [ "application/json; charset=utf-8" ]
    }, {
      "name" : "Cache-Control",
      "values" : [ "public, max-age=86400" ]
    } ],
    "delay" : {
      "timeUnit" : "SECONDS",
      "value" : 1
    }
  },
  "times" : {
    "remainingTimes" : 0,
    "unlimited" : true
  }
}
2014-07-18 12:04:18,687 {
  "httpRequest" : {
    "method" : "GET",
    "path" : "/index.html"
  },
  "httpForward" : {
    "host" : "www.mock-server.com",
    "port" : 80,
    "scheme" : "HTTP"
  },
  "times" : {
    "remainingTimes" : 1,
    "unlimited" : false
  }
}
2014-07-18 12:04:18,740 {
  "httpRequest" : {
    "method" : "GET",
    "path" : "/get"
  },
  "httpResponse" : {
    "statusCode" : 401,
    "body" : "{ message: 'incorrect username and password combination' }",
    "headers" : [ {
      "name" : "Content-Type",
      "values" : [ "application/json; charset=utf-8" ]
    }, {
      "name" : "Cache-Control",
      "values" : [ "public, max-age=86400" ]
    } ],
    "delay" : {
      "timeUnit" : "SECONDS",
      "value" : 5
    }
  },
  "times" : {
    "remainingTimes" : 0,
    "unlimited" : true
  }
}
2014-07-21 15:09:42,541 {
  "httpRequest" : {
    "method" : "GET",
    "path" : "/orders/[0-9]*"
  },
  "httpResponse" : {
    "statusCode" : 401,
    "body" : "{ id: 'order id',orderstatus: 'imc' }",
    "headers" : [ {
      "name" : "Content-Type",
      "values" : [ "application/json; charset=utf-8" ]
    }, {
      "name" : "Cache-Control",
      "values" : [ "public, max-age=86400" ]
    } ],
    "delay" : {
      "timeUnit" : "SECONDS",
      "value" : 1
    }
  },
  "times" : {
    "remainingTimes" : 1,
    "unlimited" : false
  }
}
2014-07-21 15:14:51,489 {
  "httpRequest" : {
    "method" : "GET",
    "path" : "/orders/[0-9]*"
  },
  "httpResponse" : {
    "statusCode" : 401,
    "body" : "{ id: 'order id',orderstatus: 'imc' }",
    "headers" : [ {
      "name" : "Content-Type",
      "values" : [ "application/json; charset=utf-8" ]
    }, {
      "name" : "Cache-Control",
      "values" : [ "public, max-age=86400" ]
    } ],
    "delay" : {
      "timeUnit" : "SECONDS",
      "value" : 1
    }
  },
  "times" : {
    "remainingTimes" : 1,
    "unlimited" : false
  }
}
2014-07-21 15:15:05,371 {
  "httpRequest" : {
    "method" : "GET",
    "path" : "/orders/[0-9]*"
  },
  "httpResponse" : {
    "statusCode" : 401,
    "body" : "{ id: 'order id',orderstatus: 'imc' }",
    "headers" : [ {
      "name" : "Content-Type",
      "values" : [ "application/json; charset=utf-8" ]
    }, {
      "name" : "Cache-Control",
      "values" : [ "public, max-age=86400" ]
    } ],
    "delay" : {
      "timeUnit" : "SECONDS",
      "value" : 1
    }
  },
  "times" : {
    "remainingTimes" : 1,
    "unlimited" : false
  }
}
2014-07-21 15:15:17,818 {
  "httpRequest" : {
    "method" : "GET",
    "path" : "/orders/[0-9]*"
  },
  "httpResponse" : {
    "statusCode" : 401,
    "body" : "{ id: 'order id',orderstatus: 'imc' }",
    "headers" : [ {
      "name" : "Content-Type",
      "values" : [ "application/json; charset=utf-8" ]
    }, {
      "name" : "Cache-Control",
      "values" : [ "public, max-age=86400" ]
    } ],
    "delay" : {
      "timeUnit" : "SECONDS",
      "value" : 1
    }
  },
  "times" : {
    "remainingTimes" : 1,
    "unlimited" : false
  }
}
2014-07-21 15:15:31,518 {
  "httpRequest" : {
    "method" : "GET",
    "path" : "/orders/[0-9]*"
  },
  "httpResponse" : {
    "statusCode" : 401,
    "body" : "{ id: 'order id',orderstatus: 'imc' }",
    "headers" : [ {
      "name" : "Content-Type",
      "values" : [ "application/json; charset=utf-8" ]
    }, {
      "name" : "Cache-Control",
      "values" : [ "public, max-age=86400" ]
    } ],
    "delay" : {
      "timeUnit" : "SECONDS",
      "value" : 1
    }
  },
  "times" : {
    "remainingTimes" : 1,
    "unlimited" : false
  }
}
2014-07-21 15:15:53,771 {
  "httpRequest" : {
    "method" : "GET",
    "path" : "/orders/[0-9]*"
  },
  "httpResponse" : {
    "statusCode" : 401,
    "body" : "{ id: 'order id',orderstatus: 'imc' }",
    "headers" : [ {
      "name" : "Content-Type",
      "values" : [ "application/json; charset=utf-8" ]
    }, {
      "name" : "Cache-Control",
      "values" : [ "public, max-age=86400" ]
    } ],
    "delay" : {
      "timeUnit" : "SECONDS",
      "value" : 1
    }
  },
  "times" : {
    "remainingTimes" : 1,
    "unlimited" : false
  }
}
2014-07-21 15:27:46,653 {
  "httpRequest" : {
    "method" : "GET",
    "path" : "/orders/[0-9]*"
  },
  "httpResponse" : {
    "statusCode" : 401,
    "body" : "{ id: 'order id',orderstatus: 'imc' }",
    "headers" : [ {
      "name" : "Content-Type",
      "values" : [ "application/json; charset=utf-8" ]
    }, {
      "name" : "Cache-Control",
      "values" : [ "public, max-age=86400" ]
    } ],
    "delay" : {
      "timeUnit" : "SECONDS",
      "value" : 1
    }
  },
  "times" : {
    "remainingTimes" : 1,
    "unlimited" : false
  }
}
2014-07-21 15:27:46,657 {
  "httpRequest" : {
    "method" : "GET",
    "path" : "/orders/[0-9]*/check/"
  },
  "httpResponse" : {
    "statusCode" : 200,
    "body" : "{status:'order checking...'}",
    "headers" : [ {
      "name" : "Content-type",
      "values" : [ "application/json;charset=utf-8" ]
    } ],
    "delay" : {
      "timeUnit" : "SECONDS",
      "value" : 3
    }
  },
  "times" : {
    "remainingTimes" : 1,
    "unlimited" : false
  }
}
2014-07-21 15:28:51,854 {
  "httpRequest" : {
    "method" : "GET",
    "path" : "/orders/[0-9]*"
  },
  "httpResponse" : {
    "statusCode" : 401,
    "body" : "{ id: 'order id',orderstatus: 'imc' }",
    "headers" : [ {
      "name" : "Content-Type",
      "values" : [ "application/json; charset=utf-8" ]
    }, {
      "name" : "Cache-Control",
      "values" : [ "public, max-age=86400" ]
    } ],
    "delay" : {
      "timeUnit" : "SECONDS",
      "value" : 1
    }
  },
  "times" : {
    "remainingTimes" : 1,
    "unlimited" : false
  }
}
2014-07-21 15:28:51,857 {
  "httpRequest" : {
    "method" : "GET",
    "path" : "/orders/[0-9]*/check"
  },
  "httpResponse" : {
    "statusCode" : 200,
    "body" : "{status:'order checking...'}",
    "headers" : [ {
      "name" : "Content-type",
      "values" : [ "application/json;charset=utf-8" ]
    } ],
    "delay" : {
      "timeUnit" : "SECONDS",
      "value" : 3
    }
  },
  "times" : {
    "remainingTimes" : 1,
    "unlimited" : false
  }
}
2014-07-21 15:32:36,956 {
  "httpRequest" : {
    "method" : "GET",
    "path" : "/orders/[0-9]*"
  },
  "httpResponse" : {
    "statusCode" : 401,
    "body" : "{ id: 'order id',orderstatus: 'imc' }",
    "headers" : [ {
      "name" : "Content-Type",
      "values" : [ "application/json; charset=utf-8" ]
    }, {
      "name" : "Cache-Control",
      "values" : [ "public, max-age=86400" ]
    } ],
    "delay" : {
      "timeUnit" : "SECONDS",
      "value" : 1
    }
  },
  "times" : {
    "remainingTimes" : 1,
    "unlimited" : false
  }
}
2014-07-21 15:32:36,959 {
  "httpRequest" : {
    "method" : "GET",
    "path" : "/orders/[0-9]*"
  },
  "httpResponse" : {
    "statusCode" : 200,
    "body" : "{status:'order checking...'}",
    "headers" : [ {
      "name" : "Content-type",
      "values" : [ "application/json;charset=utf-8" ]
    } ],
    "delay" : {
      "timeUnit" : "SECONDS",
      "value" : 3
    }
  },
  "times" : {
    "remainingTimes" : 1,
    "unlimited" : false
  }
}
2014-07-21 15:43:53,138 {
  "httpRequest" : {
    "method" : "GET",
    "path" : "/orders/[0-9]*"
  },
  "httpResponse" : {
    "statusCode" : 401,
    "body" : "{ id: 'order id',orderstatus: 'imc' }",
    "headers" : [ {
      "name" : "Content-Type",
      "values" : [ "application/json; charset=utf-8" ]
    }, {
      "name" : "Cache-Control",
      "values" : [ "public, max-age=86400" ]
    } ],
    "delay" : {
      "timeUnit" : "SECONDS",
      "value" : 1
    }
  },
  "times" : {
    "remainingTimes" : 1,
    "unlimited" : false
  }
}
2014-07-21 15:43:53,144 {
  "httpRequest" : {
    "method" : "POST",
    "path" : "/orders/[0-9]*"
  },
  "httpResponse" : {
    "statusCode" : 200,
    "body" : "{status:'order checking...'}",
    "headers" : [ {
      "name" : "Content-type",
      "values" : [ "application/json;charset=utf-8" ]
    } ],
    "delay" : {
      "timeUnit" : "SECONDS",
      "value" : 3
    }
  },
  "times" : {
    "remainingTimes" : 1,
    "unlimited" : false
  }
}
2014-07-21 15:44:34,247 {
  "httpRequest" : {
    "method" : "GET",
    "path" : "/orders/[0-9]*"
  },
  "httpResponse" : {
    "statusCode" : 401,
    "body" : "{ id: 'order id',orderstatus: 'imc' }",
    "headers" : [ {
      "name" : "Content-Type",
      "values" : [ "application/json; charset=utf-8" ]
    }, {
      "name" : "Cache-Control",
      "values" : [ "public, max-age=86400" ]
    } ],
    "delay" : {
      "timeUnit" : "SECONDS",
      "value" : 1
    }
  },
  "times" : {
    "remainingTimes" : 1,
    "unlimited" : false
  }
}
2014-07-21 15:44:34,253 {
  "httpRequest" : {
    "method" : "POST",
    "path" : "/orders/[0-9]*"
  },
  "httpResponse" : {
    "statusCode" : 200,
    "body" : "{status:'order checking...'}",
    "headers" : [ {
      "name" : "Content-type",
      "values" : [ "application/json;charset=utf-8" ]
    } ],
    "delay" : {
      "timeUnit" : "SECONDS",
      "value" : 3
    }
  },
  "times" : {
    "remainingTimes" : 1,
    "unlimited" : false
  }
}
2014-07-21 15:59:32,469 {
  "httpRequest" : {
    "method" : "GET",
    "path" : "/orders/[0-9]*"
  },
  "httpResponse" : {
    "statusCode" : 401,
    "body" : "{ id: 'order id',orderstatus: 'imc' }",
    "headers" : [ {
      "name" : "Content-Type",
      "values" : [ "application/json; charset=utf-8" ]
    }, {
      "name" : "Cache-Control",
      "values" : [ "public, max-age=86400" ]
    } ],
    "delay" : {
      "timeUnit" : "SECONDS",
      "value" : 1
    }
  },
  "times" : {
    "remainingTimes" : 1,
    "unlimited" : false
  }
}
2014-07-21 15:59:32,474 {
  "httpRequest" : {
    "method" : "POST",
    "path" : "/orders/[0-9]*"
  },
  "httpResponse" : {
    "statusCode" : 200,
    "body" : "{status:'order checking...'}",
    "headers" : [ {
      "name" : "Content-type",
      "values" : [ "application/json;charset=utf-8" ]
    } ],
    "delay" : {
      "timeUnit" : "SECONDS",
      "value" : 3
    }
  },
  "times" : {
    "remainingTimes" : 1,
    "unlimited" : false
  }
}
2014-07-21 16:00:05,282 {
  "httpRequest" : {
    "method" : "GET",
    "path" : "/orders/[0-9]*"
  },
  "httpResponse" : {
    "statusCode" : 401,
    "body" : "{ id: 'order id',orderstatus: 'imc' }",
    "headers" : [ {
      "name" : "Content-Type",
      "values" : [ "application/json; charset=utf-8" ]
    }, {
      "name" : "Cache-Control",
      "values" : [ "public, max-age=86400" ]
    } ],
    "delay" : {
      "timeUnit" : "SECONDS",
      "value" : 1
    }
  },
  "times" : {
    "remainingTimes" : 1,
    "unlimited" : false
  }
}
2014-07-21 16:00:05,286 {
  "httpRequest" : {
    "method" : "POST",
    "path" : "/orders/[0-9]*"
  },
  "httpResponse" : {
    "statusCode" : 200,
    "body" : "{status:'order checking...'}",
    "headers" : [ {
      "name" : "Content-type",
      "values" : [ "application/json;charset=utf-8" ]
    } ],
    "delay" : {
      "timeUnit" : "SECONDS",
      "value" : 3
    }
  },
  "times" : {
    "remainingTimes" : 1,
    "unlimited" : false
  }
}
2014-07-21 16:21:18,731 {
  "httpRequest" : {
    "method" : "GET",
    "path" : "/orders/[0-9]*"
  },
  "httpResponse" : {
    "statusCode" : 200,
    "headers" : [ {
      "name" : "Content-Type",
      "values" : [ "application/json; charset=utf-8" ]
    }, {
      "name" : "Cache-Control",
      "values" : [ "public, max-age=86400" ]
    } ],
    "delay" : {
      "timeUnit" : "SECONDS",
      "value" : 1
    }
  },
  "times" : {
    "remainingTimes" : 1,
    "unlimited" : false
  }
}
2014-07-21 16:21:18,734 {
  "httpRequest" : {
    "method" : "POST",
    "path" : "/orders/[0-9]*"
  },
  "httpResponse" : {
    "statusCode" : 200,
    "body" : "{status:'order checking...'}",
    "headers" : [ {
      "name" : "Content-type",
      "values" : [ "application/json;charset=utf-8" ]
    } ],
    "delay" : {
      "timeUnit" : "SECONDS",
      "value" : 3
    }
  },
  "times" : {
    "remainingTimes" : 1,
    "unlimited" : false
  }
}
2014-07-21 17:25:55,534 {
  "httpRequest" : {
    "method" : "GET",
    "path" : "/orders/[0-9]*"
  },
  "httpResponse" : {
    "statusCode" : 200,
    "body" : "{
    "order-id":#####,
    "status":"initializing..."
}",
    "headers" : [ {
      "name" : "Content-Type",
      "values" : [ "application/json; charset=utf-8" ]
    } ],
    "delay" : {
      "timeUnit" : "SECONDS",
      "value" : 1
    }
  },
  "times" : {
    "remainingTimes" : 1,
    "unlimited" : false
  }
}
2014-07-21 17:25:55,544 {
  "httpRequest" : {
    "method" : "POST",
    "path" : "/orders/[0-9]*",
    "body" : {
      "type" : "EXACT",
      "value" : "{\r\n\t\"user-name\":\"foo\",\r\n\t\"password\":\"bar\"\r\n}"
    }
  },
  "httpResponse" : {
    "statusCode" : 200,
    "body" : "{
    "order-id":#####,
    "status":"processing..."
}",
    "headers" : [ {
      "name" : "Content-type",
      "values" : [ "application/json;charset=utf-8" ]
    } ],
    "delay" : {
      "timeUnit" : "SECONDS",
      "value" : 3
    }
  },
  "times" : {
    "remainingTimes" : 1,
    "unlimited" : false
  }
}
2014-07-21 17:25:55,551 {
  "httpRequest" : {
    "method" : "GET",
    "path" : "/orders/[0-9]*"
  },
  "httpResponse" : {
    "statusCode" : 200,
    "body" : "{
    "order-id":#####,
    "status":"ready!"
}",
    "headers" : [ {
      "name" : "Content-type",
      "values" : [ "application/json;charset=utf-8" ]
    } ],
    "delay" : {
      "timeUnit" : "SECONDS",
      "value" : 5
    }
  },
  "times" : {
    "remainingTimes" : 1,
    "unlimited" : false
  }
}
2014-07-21 17:27:11,959 {
  "httpRequest" : {
    "method" : "GET",
    "path" : "/orders/[0-9]*"
  },
  "httpResponse" : {
    "statusCode" : 200,
    "body" : "{
    "order-id":#####,
    "status":"initializing..."
}",
    "headers" : [ {
      "name" : "Content-Type",
      "values" : [ "application/json; charset=utf-8" ]
    } ],
    "delay" : {
      "timeUnit" : "SECONDS",
      "value" : 1
    }
  },
  "times" : {
    "remainingTimes" : 1,
    "unlimited" : false
  }
}
2014-07-21 17:27:11,966 {
  "httpRequest" : {
    "method" : "POST",
    "path" : "/orders/[0-9]*",
    "body" : {
      "type" : "EXACT",
      "value" : "{\r\n\t\"user-name\":\"foo\",\r\n\t\"password\":\"bar\"\r\n}"
    }
  },
  "httpResponse" : {
    "statusCode" : 200,
    "body" : "{
    "order-id":#####,
    "status":"processing..."
}",
    "headers" : [ {
      "name" : "Content-type",
      "values" : [ "application/json;charset=utf-8" ]
    } ],
    "delay" : {
      "timeUnit" : "SECONDS",
      "value" : 3
    }
  },
  "times" : {
    "remainingTimes" : 1,
    "unlimited" : false
  }
}
2014-07-21 17:27:11,971 {
  "httpRequest" : {
    "method" : "GET",
    "path" : "/orders/[0-9]*"
  },
  "httpResponse" : {
    "statusCode" : 200,
    "body" : "{
    "order-id":#####,
    "status":"ready!"
}",
    "headers" : [ {
      "name" : "Content-type",
      "values" : [ "application/json;charset=utf-8" ]
    } ],
    "delay" : {
      "timeUnit" : "SECONDS",
      "value" : 5
    }
  },
  "times" : {
    "remainingTimes" : 1,
    "unlimited" : false
  }
}
2014-07-21 17:30:28,931 {
  "httpRequest" : {
    "method" : "GET",
    "path" : "/orders/[0-9]*"
  },
  "httpResponse" : {
    "statusCode" : 200,
    "body" : "{
    "order-id":#####,
    "status":"initializing..."
}",
    "headers" : [ {
      "name" : "Content-Type",
      "values" : [ "application/json; charset=utf-8" ]
    } ],
    "delay" : {
      "timeUnit" : "SECONDS",
      "value" : 1
    }
  },
  "times" : {
    "remainingTimes" : 1,
    "unlimited" : false
  }
}
2014-07-21 17:30:28,942 {
  "httpRequest" : {
    "method" : "POST",
    "path" : "/orders/[0-9]*",
    "body" : {
      "type" : "EXACT",
      "value" : "{\r\n\t\"user-name\":\"foo\",\r\n\t\"password\":\"bar\"\r\n}"
    }
  },
  "httpResponse" : {
    "statusCode" : 200,
    "body" : "{
    "order-id":#####,
    "status":"processing..."
}",
    "headers" : [ {
      "name" : "Content-type",
      "values" : [ "application/json;charset=utf-8" ]
    } ],
    "delay" : {
      "timeUnit" : "SECONDS",
      "value" : 3
    }
  },
  "times" : {
    "remainingTimes" : 1,
    "unlimited" : false
  }
}
2014-07-21 17:30:28,948 {
  "httpRequest" : {
    "method" : "GET",
    "path" : "/orders/[0-9]*"
  },
  "httpResponse" : {
    "statusCode" : 200,
    "body" : "{
    "order-id":#####,
    "status":"ready!"
}",
    "headers" : [ {
      "name" : "Content-type",
      "values" : [ "application/json;charset=utf-8" ]
    } ],
    "delay" : {
      "timeUnit" : "SECONDS",
      "value" : 5
    }
  },
  "times" : {
    "remainingTimes" : 1,
    "unlimited" : false
  }
}
2014-07-21 17:32:50,360 {
  "httpRequest" : {
    "method" : "GET",
    "path" : "/orders/[0-9]*"
  },
  "httpResponse" : {
    "statusCode" : 200,
    "body" : "{
    "order-id":#####,
    "status":"initializing..."
}",
    "headers" : [ {
      "name" : "Content-Type",
      "values" : [ "application/json; charset=utf-8" ]
    } ],
    "delay" : {
      "timeUnit" : "SECONDS",
      "value" : 1
    }
  },
  "times" : {
    "remainingTimes" : 1,
    "unlimited" : false
  }
}
2014-07-21 17:32:50,372 {
  "httpRequest" : {
    "method" : "POST",
    "path" : "/orders/[0-9]*",
    "body" : {
      "type" : "EXACT",
      "value" : "{\r\n\t\"user-name\":\"foo\",\r\n\t\"password\":\"bar\"\r\n}"
    }
  },
  "httpResponse" : {
    "statusCode" : 200,
    "body" : "{
    "order-id":#####,
    "status":"processing..."
}",
    "headers" : [ {
      "name" : "Content-type",
      "values" : [ "application/json;charset=utf-8" ]
    } ],
    "delay" : {
      "timeUnit" : "SECONDS",
      "value" : 3
    }
  },
  "times" : {
    "remainingTimes" : 1,
    "unlimited" : false
  }
}
2014-07-21 17:32:50,378 {
  "httpRequest" : {
    "method" : "GET",
    "path" : "/orders/[0-9]*"
  },
  "httpResponse" : {
    "statusCode" : 200,
    "body" : "{
    "order-id":#####,
    "status":"ready!"
}",
    "headers" : [ {
      "name" : "Content-type",
      "values" : [ "application/json;charset=utf-8" ]
    } ],
    "delay" : {
      "timeUnit" : "SECONDS",
      "value" : 5
    }
  },
  "times" : {
    "remainingTimes" : 1,
    "unlimited" : false
  }
}
2014-07-21 17:33:20,970 {
  "httpRequest" : {
    "method" : "GET",
    "path" : "/orders/[0-9]*"
  },
  "httpResponse" : {
    "statusCode" : 200,
    "body" : "{
    "order-id":#####,
    "status":"initializing..."
}",
    "headers" : [ {
      "name" : "Content-Type",
      "values" : [ "application/json; charset=utf-8" ]
    } ],
    "delay" : {
      "timeUnit" : "SECONDS",
      "value" : 1
    }
  },
  "times" : {
    "remainingTimes" : 1,
    "unlimited" : false
  }
}
2014-07-21 17:33:20,980 {
  "httpRequest" : {
    "method" : "POST",
    "path" : "/orders/[0-9]*",
    "body" : {
      "type" : "EXACT",
      "value" : "{\r\n\t\"user-name\":\"foo\",\r\n\t\"password\":\"bar\"\r\n}"
    }
  },
  "httpResponse" : {
    "statusCode" : 200,
    "body" : "{
    "order-id":#####,
    "status":"processing..."
}",
    "headers" : [ {
      "name" : "Content-type",
      "values" : [ "application/json;charset=utf-8" ]
    } ],
    "delay" : {
      "timeUnit" : "SECONDS",
      "value" : 3
    }
  },
  "times" : {
    "remainingTimes" : 1,
    "unlimited" : false
  }
}
2014-07-21 17:33:20,986 {
  "httpRequest" : {
    "method" : "GET",
    "path" : "/orders/[0-9]*"
  },
  "httpResponse" : {
    "statusCode" : 200,
    "body" : "{
    "order-id":#####,
    "status":"ready!"
}",
    "headers" : [ {
      "name" : "Content-type",
      "values" : [ "application/json;charset=utf-8" ]
    } ],
    "delay" : {
      "timeUnit" : "SECONDS",
      "value" : 5
    }
  },
  "times" : {
    "remainingTimes" : 1,
    "unlimited" : false
  }
}
2014-07-21 17:33:56,312 {
  "httpRequest" : {
    "method" : "GET",
    "path" : "/orders/[0-9]*"
  },
  "httpResponse" : {
    "statusCode" : 200,
    "body" : "{
    "order-id":#####,
    "status":"initializing..."
}",
    "headers" : [ {
      "name" : "Content-Type",
      "values" : [ "application/json; charset=utf-8" ]
    } ],
    "delay" : {
      "timeUnit" : "SECONDS",
      "value" : 1
    }
  },
  "times" : {
    "remainingTimes" : 1,
    "unlimited" : false
  }
}
2014-07-21 17:33:56,323 {
  "httpRequest" : {
    "method" : "POST",
    "path" : "/orders/[0-9]*",
    "body" : {
      "type" : "EXACT",
      "value" : "{\r\n\t\"user-name\":\"foo\",\r\n\t\"password\":\"bar\"\r\n}"
    }
  },
  "httpResponse" : {
    "statusCode" : 200,
    "body" : "{
    "order-id":#####,
    "status":"processing..."
}",
    "headers" : [ {
      "name" : "Content-type",
      "values" : [ "application/json;charset=utf-8" ]
    } ],
    "delay" : {
      "timeUnit" : "SECONDS",
      "value" : 3
    }
  },
  "times" : {
    "remainingTimes" : 1,
    "unlimited" : false
  }
}
2014-07-21 17:33:56,329 {
  "httpRequest" : {
    "method" : "GET",
    "path" : "/orders/[0-9]*"
  },
  "httpResponse" : {
    "statusCode" : 200,
    "body" : "{
    "order-id":#####,
    "status":"ready!"
}",
    "headers" : [ {
      "name" : "Content-type",
      "values" : [ "application/json;charset=utf-8" ]
    } ],
    "delay" : {
      "timeUnit" : "SECONDS",
      "value" : 5
    }
  },
  "times" : {
    "remainingTimes" : 1,
    "unlimited" : false
  }
}
2014-07-21 17:34:54,235 {
  "httpRequest" : {
    "method" : "GET",
    "path" : "/orders/[0-9]*"
  },
  "httpResponse" : {
    "statusCode" : 200,
    "body" : "{
    "order-id":#####,
    "status":"initializing..."
}",
    "headers" : [ {
      "name" : "Content-Type",
      "values" : [ "application/json; charset=utf-8" ]
    } ],
    "delay" : {
      "timeUnit" : "SECONDS",
      "value" : 1
    }
  },
  "times" : {
    "remainingTimes" : 1,
    "unlimited" : false
  }
}
2014-07-21 17:34:54,244 {
  "httpRequest" : {
    "method" : "POST",
    "path" : "/orders/[0-9]*",
    "body" : {
      "type" : "EXACT",
      "value" : "{\r\n\t\"user-name\":\"foo\",\r\n\t\"password\":\"bar\"\r\n}"
    }
  },
  "httpResponse" : {
    "statusCode" : 200,
    "body" : "{
    "order-id":#####,
    "status":"processing..."
}",
    "headers" : [ {
      "name" : "Content-type",
      "values" : [ "application/json;charset=utf-8" ]
    } ],
    "delay" : {
      "timeUnit" : "SECONDS",
      "value" : 3
    }
  },
  "times" : {
    "remainingTimes" : 1,
    "unlimited" : false
  }
}
2014-07-21 17:34:54,251 {
  "httpRequest" : {
    "method" : "GET",
    "path" : "/orders/[0-9]*"
  },
  "httpResponse" : {
    "statusCode" : 200,
    "body" : "{
    "order-id":#####,
    "status":"ready!"
}",
    "headers" : [ {
      "name" : "Content-type",
      "values" : [ "application/json;charset=utf-8" ]
    } ],
    "delay" : {
      "timeUnit" : "SECONDS",
      "value" : 5
    }
  },
  "times" : {
    "remainingTimes" : 1,
    "unlimited" : false
  }
}
2014-07-21 17:36:08,066 {
  "httpRequest" : {
    "method" : "GET",
    "path" : "/orders/[0-9]*"
  },
  "httpResponse" : {
    "statusCode" : 200,
    "body" : "{
    "order-id":#####,
    "status":"initializing..."
}",
    "headers" : [ {
      "name" : "Content-Type",
      "values" : [ "application/json; charset=utf-8" ]
    } ],
    "delay" : {
      "timeUnit" : "SECONDS",
      "value" : 1
    }
  },
  "times" : {
    "remainingTimes" : 1,
    "unlimited" : false
  }
}
2014-07-21 17:36:08,076 {
  "httpRequest" : {
    "method" : "POST",
    "path" : "/orders/[0-9]*",
    "body" : {
      "type" : "EXACT",
      "value" : "{\r\n\t\"user-name\":\"foo\",\r\n\t\"password\":\"bar\"\r\n}"
    }
  },
  "httpResponse" : {
    "statusCode" : 200,
    "body" : "{
    "order-id":#####,
    "status":"processing..."
}",
    "headers" : [ {
      "name" : "Content-type",
      "values" : [ "application/json;charset=utf-8" ]
    } ],
    "delay" : {
      "timeUnit" : "SECONDS",
      "value" : 3
    }
  },
  "times" : {
    "remainingTimes" : 1,
    "unlimited" : false
  }
}
2014-07-21 17:36:08,082 {
  "httpRequest" : {
    "method" : "GET",
    "path" : "/orders/[0-9]*"
  },
  "httpResponse" : {
    "statusCode" : 200,
    "body" : "{
    "order-id":#####,
    "status":"ready!"
}",
    "headers" : [ {
      "name" : "Content-type",
      "values" : [ "application/json;charset=utf-8" ]
    } ],
    "delay" : {
      "timeUnit" : "SECONDS",
      "value" : 5
    }
  },
  "times" : {
    "remainingTimes" : 1,
    "unlimited" : false
  }
}
2014-07-21 17:36:08,487 {
  "httpRequest" : {
    "method" : "GET",
    "path" : "/orders/[0-9]*"
  },
  "httpResponse" : {
    "statusCode" : 200,
    "body" : "{
    "order-id":#####,
    "status":"initializing..."
}",
    "headers" : [ {
      "name" : "Content-Type",
      "values" : [ "application/json; charset=utf-8" ]
    } ],
    "delay" : {
      "timeUnit" : "SECONDS",
      "value" : 1
    }
  },
  "times" : {
    "remainingTimes" : 1,
    "unlimited" : false
  }
}
2014-07-21 17:36:08,499 {
  "httpRequest" : {
    "method" : "POST",
    "path" : "/orders/[0-9]*",
    "body" : {
      "type" : "EXACT",
      "value" : "{\r\n\t\"user-name\":\"foo\",\r\n\t\"password\":\"bar\"\r\n}"
    }
  },
  "httpResponse" : {
    "statusCode" : 200,
    "body" : "{
    "order-id":#####,
    "status":"processing..."
}",
    "headers" : [ {
      "name" : "Content-type",
      "values" : [ "application/json;charset=utf-8" ]
    } ],
    "delay" : {
      "timeUnit" : "SECONDS",
      "value" : 3
    }
  },
  "times" : {
    "remainingTimes" : 1,
    "unlimited" : false
  }
}
2014-07-21 17:36:08,503 {
  "httpRequest" : {
    "method" : "GET",
    "path" : "/orders/[0-9]*"
  },
  "httpResponse" : {
    "statusCode" : 200,
    "body" : "{
    "order-id":#####,
    "status":"ready!"
}",
    "headers" : [ {
      "name" : "Content-type",
      "values" : [ "application/json;charset=utf-8" ]
    } ],
    "delay" : {
      "timeUnit" : "SECONDS",
      "value" : 5
    }
  },
  "times" : {
    "remainingTimes" : 1,
    "unlimited" : false
  }
}
2014-07-21 17:37:06,680 {
  "httpRequest" : {
    "method" : "GET",
    "path" : "/orders/[0-9]*"
  },
  "httpResponse" : {
    "statusCode" : 200,
    "body" : "{
    "order-id":#####,
    "status":"initializing..."
}",
    "headers" : [ {
      "name" : "Content-Type",
      "values" : [ "application/json; charset=utf-8" ]
    } ],
    "delay" : {
      "timeUnit" : "SECONDS",
      "value" : 1
    }
  },
  "times" : {
    "remainingTimes" : 1,
    "unlimited" : false
  }
}
2014-07-21 17:37:06,685 {
  "httpRequest" : {
    "method" : "POST",
    "path" : "/orders/[0-9]*",
    "body" : {
      "type" : "EXACT",
      "value" : "{\r\n\t\"user-name\":\"foo\",\r\n\t\"password\":\"bar\"\r\n}"
    }
  },
  "httpResponse" : {
    "statusCode" : 200,
    "body" : "{
    "order-id":#####,
    "status":"processing..."
}",
    "headers" : [ {
      "name" : "Content-type",
      "values" : [ "application/json;charset=utf-8" ]
    } ],
    "delay" : {
      "timeUnit" : "SECONDS",
      "value" : 3
    }
  },
  "times" : {
    "remainingTimes" : 1,
    "unlimited" : false
  }
}
2014-07-21 17:37:06,688 {
  "httpRequest" : {
    "method" : "GET",
    "path" : "/orders/[0-9]*"
  },
  "httpResponse" : {
    "statusCode" : 200,
    "body" : "{
    "order-id":#####,
    "status":"ready!"
}",
    "headers" : [ {
      "name" : "Content-type",
      "values" : [ "application/json;charset=utf-8" ]
    } ],
    "delay" : {
      "timeUnit" : "SECONDS",
      "value" : 5
    }
  },
  "times" : {
    "remainingTimes" : 1,
    "unlimited" : false
  }
}
2014-07-21 17:37:06,887 {
  "httpRequest" : {
    "method" : "GET",
    "path" : "/orders/[0-9]*"
  },
  "httpResponse" : {
    "statusCode" : 200,
    "body" : "{
    "order-id":#####,
    "status":"initializing..."
}",
    "headers" : [ {
      "name" : "Content-Type",
      "values" : [ "application/json; charset=utf-8" ]
    } ],
    "delay" : {
      "timeUnit" : "SECONDS",
      "value" : 1
    }
  },
  "times" : {
    "remainingTimes" : 1,
    "unlimited" : false
  }
}
2014-07-21 17:37:06,892 {
  "httpRequest" : {
    "method" : "POST",
    "path" : "/orders/[0-9]*",
    "body" : {
      "type" : "EXACT",
      "value" : "{\r\n\t\"user-name\":\"foo\",\r\n\t\"password\":\"bar\"\r\n}"
    }
  },
  "httpResponse" : {
    "statusCode" : 200,
    "body" : "{
    "order-id":#####,
    "status":"processing..."
}",
    "headers" : [ {
      "name" : "Content-type",
      "values" : [ "application/json;charset=utf-8" ]
    } ],
    "delay" : {
      "timeUnit" : "SECONDS",
      "value" : 3
    }
  },
  "times" : {
    "remainingTimes" : 1,
    "unlimited" : false
  }
}
2014-07-21 17:37:06,894 {
  "httpRequest" : {
    "method" : "GET",
    "path" : "/orders/[0-9]*"
  },
  "httpResponse" : {
    "statusCode" : 200,
    "body" : "{
    "order-id":#####,
    "status":"ready!"
}",
    "headers" : [ {
      "name" : "Content-type",
      "values" : [ "application/json;charset=utf-8" ]
    } ],
    "delay" : {
      "timeUnit" : "SECONDS",
      "value" : 5
    }
  },
  "times" : {
    "remainingTimes" : 1,
    "unlimited" : false
  }
}
2014-07-21 17:45:49,160 {
  "httpRequest" : {
    "method" : "GET",
    "path" : "/orders/[0-9]*"
  },
  "httpResponse" : {
    "statusCode" : 200,
    "body" : "{
    "order-id":#####,
    "status":"initializing..."
}",
    "headers" : [ {
      "name" : "Content-Type",
      "values" : [ "application/json; charset=utf-8" ]
    } ]
  },
  "times" : {
    "remainingTimes" : 1,
    "unlimited" : false
  }
}
2014-07-21 17:45:49,174 {
  "httpRequest" : {
    "method" : "POST",
    "path" : "/orders/[0-9]*",
    "body" : {
      "type" : "EXACT",
      "value" : "{\r\n\t\"user-name\":\"foo\",\r\n\t\"password\":\"bar\"\r\n}"
    }
  },
  "httpResponse" : {
    "statusCode" : 200,
    "body" : "{
    "order-id":#####,
    "status":"processing..."
}",
    "headers" : [ {
      "name" : "Content-type",
      "values" : [ "application/json;charset=utf-8" ]
    } ],
    "delay" : {
      "timeUnit" : "SECONDS",
      "value" : 3
    }
  },
  "times" : {
    "remainingTimes" : 1,
    "unlimited" : false
  }
}
2014-07-21 17:45:49,181 {
  "httpRequest" : {
    "method" : "GET",
    "path" : "/orders/[0-9]*"
  },
  "httpResponse" : {
    "statusCode" : 200,
    "body" : "{
    "order-id":#####,
    "status":"ready!"
}",
    "headers" : [ {
      "name" : "Content-type",
      "values" : [ "application/json;charset=utf-8" ]
    } ],
    "delay" : {
      "timeUnit" : "SECONDS",
      "value" : 5
    }
  },
  "times" : {
    "remainingTimes" : 1,
    "unlimited" : false
  }
}
