2014-07-22 09:14:35,421 INFO [Thread-1] o.mockserver.mockserver.MockServer [MockServer.java:50] Starting MockServer on serverPort 8080
2014-07-22 09:14:36,483 INFO [Thread-10] o.mockserver.mockserver.MockServer [MockServer.java:50] Starting MockServer on serverPort 8080
2014-07-22 09:14:36,754 INFO [Thread-19] o.mockserver.mockserver.MockServer [MockServer.java:50] Starting MockServer on serverPort 8080
2014-07-22 09:58:31,533 INFO [Thread-1] o.mockserver.mockserver.MockServer [MockServer.java:50] Starting MockServer on serverPort 8080
2014-07-22 09:58:33,056 INFO [Thread-10] o.mockserver.mockserver.MockServer [MockServer.java:50] Starting MockServer on serverPort 8080
2014-07-22 09:58:33,598 INFO [Thread-21] o.mockserver.mockserver.MockServer [MockServer.java:50] Starting MockServer on serverPort 8080
2014-07-22 09:59:50,036 INFO [Thread-1] o.mockserver.mockserver.MockServer [MockServer.java:50] Starting MockServer on serverPort 8080
2014-07-22 09:59:51,087 INFO [Thread-10] o.mockserver.mockserver.MockServer [MockServer.java:50] Starting MockServer on serverPort 8080
2014-07-22 09:59:51,393 INFO [Thread-22] o.mockserver.mockserver.MockServer [MockServer.java:50] Starting MockServer on serverPort 8080
2014-07-22 10:00:24,876 INFO [Thread-1] o.mockserver.mockserver.MockServer [MockServer.java:50] Starting MockServer on serverPort 8080
2014-07-22 10:00:26,706 INFO [Thread-10] o.mockserver.mockserver.MockServer [MockServer.java:50] Starting MockServer on serverPort 8080
2014-07-22 10:00:27,222 INFO [Thread-19] o.mockserver.mockserver.MockServer [MockServer.java:50] Starting MockServer on serverPort 8080
2014-07-22 10:48:01,807 INFO [Thread-1] o.mockserver.mockserver.MockServer [MockServer.java:50] Starting MockServer on serverPort 8080
2014-07-22 10:48:02,681 INFO [Thread-10] o.mockserver.mockserver.MockServer [MockServer.java:50] Starting MockServer on serverPort 8080
2014-07-22 10:48:05,967 INFO [Thread-21] o.mockserver.mockserver.MockServer [MockServer.java:50] Starting MockServer on serverPort 8080
2014-07-22 10:49:36,344 INFO [Thread-1] o.mockserver.mockserver.MockServer [MockServer.java:50] Starting MockServer on serverPort 8080
2014-07-22 10:49:37,221 INFO [Thread-10] o.mockserver.mockserver.MockServer [MockServer.java:50] Starting MockServer on serverPort 8080
2014-07-22 10:49:40,503 INFO [Thread-21] o.mockserver.mockserver.MockServer [MockServer.java:50] Starting MockServer on serverPort 8080
2014-07-22 10:50:21,682 INFO [Thread-1] o.mockserver.mockserver.MockServer [MockServer.java:50] Starting MockServer on serverPort 8080
2014-07-22 10:50:22,567 INFO [Thread-10] o.mockserver.mockserver.MockServer [MockServer.java:50] Starting MockServer on serverPort 8080
2014-07-22 10:50:25,888 INFO [Thread-21] o.mockserver.mockserver.MockServer [MockServer.java:50] Starting MockServer on serverPort 8080
2014-07-22 10:51:41,561 INFO [Thread-1] o.mockserver.mockserver.MockServer [MockServer.java:50] Starting MockServer on serverPort 8080
2014-07-22 10:54:02,749 INFO [Thread-1] o.mockserver.mockserver.MockServer [MockServer.java:50] Starting MockServer on serverPort 8080
2014-07-22 10:54:12,099 INFO [Thread-1] o.mockserver.mockserver.MockServer [MockServer.java:50] Starting MockServer on serverPort 8080
2014-07-22 10:56:02,992 INFO [Thread-1] o.mockserver.mockserver.MockServer [MockServer.java:50] Starting MockServer on serverPort 8080
2014-07-22 10:57:58,448 INFO [Thread-1] o.mockserver.mockserver.MockServer [MockServer.java:50] Starting MockServer on serverPort 8080
2014-07-22 10:59:39,072 INFO [Thread-1] o.mockserver.mockserver.MockServer [MockServer.java:50] Starting MockServer on serverPort 8080
2014-07-22 10:59:50,600 INFO [Thread-1] o.mockserver.mockserver.MockServer [MockServer.java:50] Starting MockServer on serverPort 8080
2014-07-22 11:05:01,908 INFO [Thread-1] o.mockserver.mockserver.MockServer [MockServer.java:50] Starting MockServer on serverPort 8080
2014-07-22 11:05:23,078 INFO [Thread-1] o.mockserver.mockserver.MockServer [MockServer.java:50] Starting MockServer on serverPort 8080
2014-07-22 11:06:44,173 INFO [Thread-1] o.mockserver.mockserver.MockServer [MockServer.java:50] Starting MockServer on serverPort 8080
2014-07-22 11:06:54,974 INFO [Thread-1] o.mockserver.mockserver.MockServer [MockServer.java:50] Starting MockServer on serverPort 8080
2014-07-22 11:06:56,884 INFO [Thread-10] o.mockserver.mockserver.MockServer [MockServer.java:50] Starting MockServer on serverPort 8080
2014-07-22 11:07:00,420 INFO [Thread-19] o.mockserver.mockserver.MockServer [MockServer.java:50] Starting MockServer on serverPort 8080
2014-07-22 11:08:05,245 INFO [Thread-1] o.mockserver.mockserver.MockServer [MockServer.java:50] Starting MockServer on serverPort 8080
2014-07-22 11:08:07,295 INFO [Thread-10] o.mockserver.mockserver.MockServer [MockServer.java:50] Starting MockServer on serverPort 8080
2014-07-22 11:08:07,671 WARN [main] o.eclipse.jetty.client.HttpExchange [HttpExchange.java:1005] EXCEPTION ContentExchange@1cd9f974=POST//localhost:8080/orders/123#CONNECTED(1ms)->EXCEPTED(1ms)
org.eclipse.jetty.io.EofException: local close: ContentExchange@1cd9f974=POST//localhost:8080/orders/123#CONNECTING(20ms)->CONNECTED(0ms)
	at org.eclipse.jetty.client.AbstractHttpConnection.close(AbstractHttpConnection.java:396) [jetty-client-8.1.0.v20120127.jar:8.1.0.v20120127]
	at org.eclipse.jetty.client.HttpDestination.close(HttpDestination.java:641) [jetty-client-8.1.0.v20120127.jar:8.1.0.v20120127]
	at org.eclipse.jetty.client.HttpClient.doStop(HttpClient.java:450) [jetty-client-8.1.0.v20120127.jar:8.1.0.v20120127]
	at org.eclipse.jetty.util.component.AbstractLifeCycle.stop(AbstractLifeCycle.java:84) [jetty-util-8.1.0.v20120127.jar:8.1.0.v20120127]
	at test.MockServiceTest.isStage2(MockServiceTest.java:74) [test-classes/:na]
	at sun.reflect.NativeMethodAccessorImpl.invoke0(Native Method) ~[na:1.7.0_60]
	at sun.reflect.NativeMethodAccessorImpl.invoke(NativeMethodAccessorImpl.java:57) ~[na:1.7.0_60]
	at sun.reflect.DelegatingMethodAccessorImpl.invoke(DelegatingMethodAccessorImpl.java:43) ~[na:1.7.0_60]
	at java.lang.reflect.Method.invoke(Method.java:606) ~[na:1.7.0_60]
	at org.junit.runners.model.FrameworkMethod$1.runReflectiveCall(FrameworkMethod.java:47) [junit.jar:na]
	at org.junit.internal.runners.model.ReflectiveCallable.run(ReflectiveCallable.java:12) [junit.jar:na]
	at org.junit.runners.model.FrameworkMethod.invokeExplosively(FrameworkMethod.java:44) [junit.jar:na]
	at org.junit.internal.runners.statements.InvokeMethod.evaluate(InvokeMethod.java:17) [junit.jar:na]
	at org.junit.internal.runners.statements.RunBefores.evaluate(RunBefores.java:26) [junit.jar:na]
	at org.junit.internal.runners.statements.RunAfters.evaluate(RunAfters.java:27) [junit.jar:na]
	at org.junit.runners.ParentRunner.runLeaf(ParentRunner.java:271) [junit.jar:na]
	at org.junit.runners.BlockJUnit4ClassRunner.runChild(BlockJUnit4ClassRunner.java:70) [junit.jar:na]
	at org.junit.runners.BlockJUnit4ClassRunner.runChild(BlockJUnit4ClassRunner.java:50) [junit.jar:na]
	at org.junit.runners.ParentRunner$3.run(ParentRunner.java:238) [junit.jar:na]
	at org.junit.runners.ParentRunner$1.schedule(ParentRunner.java:63) [junit.jar:na]
	at org.junit.runners.ParentRunner.runChildren(ParentRunner.java:236) [junit.jar:na]
	at org.junit.runners.ParentRunner.access$000(ParentRunner.java:53) [junit.jar:na]
	at org.junit.runners.ParentRunner$2.evaluate(ParentRunner.java:229) [junit.jar:na]
	at org.junit.runners.ParentRunner.run(ParentRunner.java:309) [junit.jar:na]
	at org.eclipse.jdt.internal.junit4.runner.JUnit4TestReference.run(JUnit4TestReference.java:50) [.cp/:na]
	at org.eclipse.jdt.internal.junit.runner.TestExecution.run(TestExecution.java:38) [.cp/:na]
	at org.eclipse.jdt.internal.junit.runner.RemoteTestRunner.runTests(RemoteTestRunner.java:459) [.cp/:na]
	at org.eclipse.jdt.internal.junit.runner.RemoteTestRunner.runTests(RemoteTestRunner.java:675) [.cp/:na]
	at org.eclipse.jdt.internal.junit.runner.RemoteTestRunner.run(RemoteTestRunner.java:382) [.cp/:na]
	at org.eclipse.jdt.internal.junit.runner.RemoteTestRunner.main(RemoteTestRunner.java:192) [.cp/:na]
2014-07-22 11:08:07,899 INFO [Thread-21] o.mockserver.mockserver.MockServer [MockServer.java:50] Starting MockServer on serverPort 8080
2014-07-22 11:08:59,415 INFO [Thread-1] o.mockserver.mockserver.MockServer [MockServer.java:50] Starting MockServer on serverPort 8080
2014-07-22 11:09:01,492 INFO [Thread-10] o.mockserver.mockserver.MockServer [MockServer.java:50] Starting MockServer on serverPort 8080
2014-07-22 11:09:05,167 INFO [Thread-21] o.mockserver.mockserver.MockServer [MockServer.java:50] Starting MockServer on serverPort 8080
2014-07-22 11:10:43,858 INFO [Thread-1] o.mockserver.mockserver.MockServer [MockServer.java:50] Starting MockServer on serverPort 8080
2014-07-22 11:10:45,800 INFO [Thread-10] o.mockserver.mockserver.MockServer [MockServer.java:50] Starting MockServer on serverPort 8080
2014-07-22 11:10:49,370 INFO [Thread-21] o.mockserver.mockserver.MockServer [MockServer.java:50] Starting MockServer on serverPort 8080
2014-07-22 11:12:52,337 INFO [Thread-1] o.mockserver.mockserver.MockServer [MockServer.java:50] Starting MockServer on serverPort 8080
2014-07-22 11:15:04,414 INFO [Thread-1] o.mockserver.mockserver.MockServer [MockServer.java:50] Starting MockServer on serverPort 8080
2014-07-22 11:19:07,028 INFO [Thread-1] o.mockserver.mockserver.MockServer [MockServer.java:50] Starting MockServer on serverPort 8080
2014-07-22 11:19:37,974 INFO [Thread-1] o.mockserver.mockserver.MockServer [MockServer.java:50] Starting MockServer on serverPort 8080
2014-07-22 11:19:53,366 INFO [Thread-1] o.mockserver.mockserver.MockServer [MockServer.java:50] Starting MockServer on serverPort 8080
2014-07-22 11:21:28,172 INFO [Thread-1] o.mockserver.mockserver.MockServer [MockServer.java:50] Starting MockServer on serverPort 8080
2014-07-22 11:22:08,090 INFO [Thread-1] o.mockserver.mockserver.MockServer [MockServer.java:50] Starting MockServer on serverPort 8080
2014-07-22 11:22:45,065 INFO [Thread-1] o.mockserver.mockserver.MockServer [MockServer.java:50] Starting MockServer on serverPort 8080
2014-07-22 11:23:42,236 INFO [Thread-1] o.mockserver.mockserver.MockServer [MockServer.java:50] Starting MockServer on serverPort 8080
2014-07-22 11:24:04,067 INFO [Thread-1] o.mockserver.mockserver.MockServer [MockServer.java:50] Starting MockServer on serverPort 8080
2014-07-22 11:24:26,458 INFO [Thread-1] o.mockserver.mockserver.MockServer [MockServer.java:50] Starting MockServer on serverPort 8080
2014-07-22 11:27:06,796 INFO [Thread-1] o.mockserver.mockserver.MockServer [MockServer.java:50] Starting MockServer on serverPort 8080
2014-07-22 11:30:36,734 INFO [Thread-1] o.mockserver.mockserver.MockServer [MockServer.java:50] Starting MockServer on serverPort 8080
2014-07-22 11:30:47,478 INFO [Thread-1] o.mockserver.mockserver.MockServer [MockServer.java:50] Starting MockServer on serverPort 8080
2014-07-22 11:30:49,588 INFO [Thread-10] o.mockserver.mockserver.MockServer [MockServer.java:50] Starting MockServer on serverPort 8080
2014-07-22 11:30:53,086 INFO [Thread-19] o.mockserver.mockserver.MockServer [MockServer.java:50] Starting MockServer on serverPort 8080
2014-07-22 11:31:59,563 INFO [Thread-1] o.mockserver.mockserver.MockServer [MockServer.java:50] Starting MockServer on serverPort 8080
2014-07-22 11:32:09,695 INFO [Thread-10] o.mockserver.mockserver.MockServer [MockServer.java:50] Starting MockServer on serverPort 8080
2014-07-22 11:32:44,446 INFO [Thread-1] o.mockserver.mockserver.MockServer [MockServer.java:50] Starting MockServer on serverPort 8080
2014-07-22 11:32:54,567 INFO [Thread-10] o.mockserver.mockserver.MockServer [MockServer.java:50] Starting MockServer on serverPort 8080
2014-07-22 11:33:59,884 INFO [Thread-1] o.mockserver.mockserver.MockServer [MockServer.java:50] Starting MockServer on serverPort 8080
2014-07-22 11:34:33,504 INFO [Thread-1] o.mockserver.mockserver.MockServer [MockServer.java:50] Starting MockServer on serverPort 8080
2014-07-22 11:35:13,430 INFO [Thread-1] o.mockserver.mockserver.MockServer [MockServer.java:50] Starting MockServer on serverPort 8080
2014-07-22 11:36:52,809 INFO [Thread-1] o.mockserver.mockserver.MockServer [MockServer.java:50] Starting MockServer on serverPort 8080
2014-07-22 11:37:15,766 INFO [Thread-1] o.mockserver.mockserver.MockServer [MockServer.java:50] Starting MockServer on serverPort 8080
2014-07-22 11:37:59,431 INFO [Thread-1] o.mockserver.mockserver.MockServer [MockServer.java:50] Starting MockServer on serverPort 8080
2014-07-22 11:38:42,023 INFO [Thread-1] o.mockserver.mockserver.MockServer [MockServer.java:50] Starting MockServer on serverPort 8080
2014-07-22 11:39:56,395 INFO [Thread-1] o.mockserver.mockserver.MockServer [MockServer.java:50] Starting MockServer on serverPort 8080
2014-07-22 11:40:37,650 INFO [Thread-1] o.mockserver.mockserver.MockServer [MockServer.java:50] Starting MockServer on serverPort 8080
2014-07-22 11:41:32,735 INFO [Thread-1] o.mockserver.mockserver.MockServer [MockServer.java:50] Starting MockServer on serverPort 8080
2014-07-22 11:42:07,162 INFO [Thread-1] o.mockserver.mockserver.MockServer [MockServer.java:50] Starting MockServer on serverPort 8080
2014-07-22 11:45:31,982 INFO [Thread-1] o.mockserver.mockserver.MockServer [MockServer.java:50] Starting MockServer on serverPort 8080
2014-07-22 11:46:06,216 INFO [Thread-1] o.mockserver.mockserver.MockServer [MockServer.java:50] Starting MockServer on serverPort 8080
2014-07-22 12:01:05,207 INFO [Thread-1] o.mockserver.mockserver.MockServer [MockServer.java:50] Starting MockServer on serverPort 8080
2014-07-22 12:03:48,042 INFO [Thread-1] o.mockserver.mockserver.MockServer [MockServer.java:50] Starting MockServer on serverPort 8080
2014-07-22 12:14:28,942 INFO [Thread-1] o.mockserver.mockserver.MockServer [MockServer.java:50] Starting MockServer on serverPort 8080
2014-07-22 12:21:00,479 INFO [Thread-1] o.mockserver.mockserver.MockServer [MockServer.java:50] Starting MockServer on serverPort 8080
2014-07-22 12:28:13,745 INFO [Thread-1] o.mockserver.mockserver.MockServer [MockServer.java:50] Starting MockServer on serverPort 8080
2014-07-22 14:32:38,382 INFO [Thread-1] o.mockserver.mockserver.MockServer [MockServer.java:50] Starting MockServer on serverPort 8080
2014-07-22 14:37:08,367 INFO [Thread-1] o.mockserver.mockserver.MockServer [MockServer.java:50] Starting MockServer on serverPort 8080
2014-07-22 14:37:58,900 INFO [Thread-1] o.mockserver.mockserver.MockServer [MockServer.java:50] Starting MockServer on serverPort 8080
2014-07-22 14:38:22,313 INFO [Thread-1] o.mockserver.mockserver.MockServer [MockServer.java:50] Starting MockServer on serverPort 8080
2014-07-22 14:54:15,477 INFO [Thread-1] o.mockserver.mockserver.MockServer [MockServer.java:50] Starting MockServer on serverPort 8080
2014-07-22 15:12:37,659 INFO [Thread-1] o.mockserver.mockserver.MockServer [MockServer.java:50] Starting MockServer on serverPort 8080
2014-07-22 15:13:20,115 INFO [Thread-1] o.mockserver.mockserver.MockServer [MockServer.java:50] Starting MockServer on serverPort 8080
2014-07-22 15:13:37,535 INFO [Thread-1] o.mockserver.mockserver.MockServer [MockServer.java:50] Starting MockServer on serverPort 8080
2014-07-22 15:14:01,385 INFO [Thread-1] o.mockserver.mockserver.MockServer [MockServer.java:50] Starting MockServer on serverPort 8080
